This is pdfTeX, Version 3.14159265-2.6-1.40.15 (TeX Live 2014) (preloaded format=latex 2014.5.25)  28 NOV 2016 12:42
entering extended mode
 restricted \write18 enabled.
 %&-line parsing enabled.
**gremlin
(./gremlin.tex
LaTeX2e <2014/05/01>
Babel <3.9k> and hyphenation patterns for 78 languages loaded.
(./thesis.cls
Document Class: thesis 2005/11/10 version 0.3.2 JHU Thesis Class
(./jhu12.clo)
\descriptionmargin=\dimen102
\c@part=\count79
\c@chapter=\count80
\c@section=\count81
\c@subsection=\count82
\c@subsubsection=\count83
\c@paragraph=\count84
\c@subparagraph=\count85
\c@figure=\count86
\c@table=\count87
) (/usr/local/texlive/2014/texmf-dist/tex/latex/cite/cite.sty
LaTeX Info: Redefining \cite on input line 302.
LaTeX Info: Redefining \nocite on input line 373.
Package: cite 2010/09/10  v 5.3
LaTeX Info: Redefining \cite on input line 464.
)
(/usr/local/texlive/2014/texmf-dist/tex/latex/amsmath/amsmath.sty
Package: amsmath 2013/01/14 v2.14 AMS math features
\@mathmargin=\skip41

For additional information on amsmath, use the `?' option.
(/usr/local/texlive/2014/texmf-dist/tex/latex/amsmath/amstext.sty
Package: amstext 2000/06/29 v2.01

(/usr/local/texlive/2014/texmf-dist/tex/latex/amsmath/amsgen.sty
File: amsgen.sty 1999/11/30 v2.0
\@emptytoks=\toks14
\ex@=\dimen103
))
(/usr/local/texlive/2014/texmf-dist/tex/latex/amsmath/amsbsy.sty
Package: amsbsy 1999/11/29 v1.2d
\pmbraise@=\dimen104
)
(/usr/local/texlive/2014/texmf-dist/tex/latex/amsmath/amsopn.sty
Package: amsopn 1999/12/14 v2.01 operator names
)
\inf@bad=\count88
LaTeX Info: Redefining \frac on input line 210.
\uproot@=\count89
\leftroot@=\count90
LaTeX Info: Redefining \overline on input line 306.
\classnum@=\count91
\DOTSCASE@=\count92
LaTeX Info: Redefining \ldots on input line 378.
LaTeX Info: Redefining \dots on input line 381.
LaTeX Info: Redefining \cdots on input line 466.
\Mathstrutbox@=\box26
\strutbox@=\box27
\big@size=\dimen105
LaTeX Font Info:    Redeclaring font encoding OML on input line 566.
LaTeX Font Info:    Redeclaring font encoding OMS on input line 567.
\macc@depth=\count93
\c@MaxMatrixCols=\count94
\dotsspace@=\muskip10
\c@parentequation=\count95
\dspbrk@lvl=\count96
\tag@help=\toks15
\row@=\count97
\column@=\count98
\maxfields@=\count99
\andhelp@=\toks16
\eqnshift@=\dimen106
\alignsep@=\dimen107
\tagshift@=\dimen108
\tagwidth@=\dimen109
\totwidth@=\dimen110
\lineht@=\dimen111
\@envbody=\toks17
\multlinegap=\skip42
\multlinetaggap=\skip43
\mathdisplay@stack=\toks18
LaTeX Info: Redefining \[ on input line 2665.
LaTeX Info: Redefining \] on input line 2666.
)
(/usr/local/texlive/2014/texmf-dist/tex/latex/amsfonts/amsfonts.sty
Package: amsfonts 2013/01/14 v3.01 Basic AMSFonts support
\symAMSa=\mathgroup4
\symAMSb=\mathgroup5
LaTeX Font Info:    Overwriting math alphabet `\mathfrak' in version `bold'
(Font)                  U/euf/m/n --> U/euf/b/n on input line 106.
)
(/usr/local/texlive/2014/texmf-dist/tex/latex/graphics/graphicx.sty
Package: graphicx 2014/04/25 v1.0g Enhanced LaTeX Graphics (DPC,SPQR)

(/usr/local/texlive/2014/texmf-dist/tex/latex/graphics/keyval.sty
Package: keyval 2014/05/08 v1.15 key=value parser (DPC)
\KV@toks@=\toks19
)
(/usr/local/texlive/2014/texmf-dist/tex/latex/graphics/graphics.sty
Package: graphics 2009/02/05 v1.0o Standard LaTeX Graphics (DPC,SPQR)

(/usr/local/texlive/2014/texmf-dist/tex/latex/graphics/trig.sty
Package: trig 1999/03/16 v1.09 sin cos tan (DPC)
)
(/usr/local/texlive/2014/texmf-dist/tex/latex/latexconfig/graphics.cfg
File: graphics.cfg 2010/04/23 v1.9 graphics configuration of TeX Live
)
Package graphics Info: Driver file: dvips.def on input line 91.

(/usr/local/texlive/2014/texmf-dist/tex/latex/graphics/dvips.def
File: dvips.def 2014/04/23 v3.0j Driver-dependant file (DPC,SPQR)
))
\Gin@req@height=\dimen112
\Gin@req@width=\dimen113
)
(/usr/local/texlive/2014/texmf-dist/tex/latex/base/fixltx2e.sty
Package: fixltx2e 2014/05/13 v1.1q fixes to LaTeX
LaTeX Info: Redefining \em on input line 429.
LaTeX Info: The control sequence `\[' is already robust on input line 480.
LaTeX Info: The control sequence `\]' is already robust on input line 481.
)
(/usr/local/texlive/2014/texmf-dist/tex/latex/tools/array.sty
Package: array 2008/09/09 v2.4c Tabular extension package (FMi)
\col@sep=\dimen114
\extrarowheight=\dimen115
\NC@list=\toks20
\extratabsurround=\skip44
\backup@length=\skip45
)
(/usr/local/texlive/2014/texmf-dist/tex/latex/appendix/appendix.sty
Package: appendix 2009/09/02 v1.2b extra appendix facilities
\c@@pps=\count100
\c@@ppsavesec=\count101
\c@@ppsaveapp=\count102
)
(/usr/local/texlive/2014/texmf-dist/tex/latex/wrapfig/wrapfig.sty
\wrapoverhang=\dimen116
\WF@size=\dimen117
\c@WF@wrappedlines=\count103
\WF@box=\box28
\WF@everypar=\toks21
Package: wrapfig 2003/01/31  v 3.6
)
(/usr/local/texlive/2014/texmf-dist/tex/generic/babel/babel.sty
Package: babel 2014/03/24 3.9k The Babel package

(/usr/local/texlive/2014/texmf-dist/tex/generic/babel-english/english.ldf
Language: english 2012/08/20 v3.3p English support from the babel system

(/usr/local/texlive/2014/texmf-dist/tex/generic/babel/babel.def
File: babel.def 2014/03/24 3.9k Babel common definitions
\babel@savecnt=\count104
\U@D=\dimen118
)
\l@canadian = a dialect from \language\l@american 
\l@australian = a dialect from \language\l@british 
\l@newzealand = a dialect from \language\l@british 
))
(/usr/local/texlive/2014/texmf-dist/tex/latex/caption/caption.sty
Package: caption 2013/05/02 v3.3-89 Customizing captions (AR)

(/usr/local/texlive/2014/texmf-dist/tex/latex/caption/caption3.sty
Package: caption3 2013/05/02 v1.6-88 caption3 kernel (AR)
Package caption3 Info: TeX engine: e-TeX on input line 57.
\captionmargin=\dimen119
\captionmargin@=\dimen120
\captionwidth=\dimen121
\caption@tempdima=\dimen122
\caption@indent=\dimen123
\caption@parindent=\dimen124
\caption@hangindent=\dimen125
\abovecaptionskip=\skip46
\belowcaptionskip=\skip47
Package caption Info: Unknown document class (or package),
(caption)             standard defaults will be used.
)

Package caption Warning: Unsupported document class (or package) detected,
(caption)                usage of the caption package is not recommended.
See the caption package documentation for explanation.

Package caption Info: \@makecaption = \long macro:#1#2->\par \ifdim \prevdepth 
>-\p@ \vskip 10\p@ \relax \fi \setbox \@tempboxa \hbox {\vbox to\topskip {}#1: 
#2\unskip \strut }\ifdim \wd \@tempboxa >\hsize {\ssp #1: #2\unskip \strut \par
 } \else \hbox to\hsize {\hfil \unhbox \@tempboxa \hfil }\fi .
\c@ContinuedFloat=\count105
Package caption Info: wrapfig package is loaded.
) (/usr/local/texlive/2014/texmf-dist/tex/latex/caption/subcaption.sty
Package: subcaption 2013/02/03 v1.1-62 Sub-captions (AR)
\c@subfigure=\count106
\c@subtable=\count107
)
(/usr/local/texlive/2014/texmf-dist/tex/latex/was/upgreek.sty
Package: upgreek 2003/02/12 v2.0 (WaS)
Package upgreek Info: Using Euler Roman for upright Greek on input line 31.
\symugrf@m=\mathgroup6
LaTeX Font Info:    Overwriting symbol font `ugrf@m' in version `bold'
(Font)                  U/eur/m/n --> U/eur/b/n on input line 38.
)
(/usr/local/texlive/2014/texmf-dist/tex/latex/hyperref/hyperref.sty
Package: hyperref 2012/11/06 v6.83m Hypertext links for LaTeX

(/usr/local/texlive/2014/texmf-dist/tex/generic/oberdiek/hobsub-hyperref.sty
Package: hobsub-hyperref 2012/05/28 v1.13 Bundle oberdiek, subset hyperref (HO)


(/usr/local/texlive/2014/texmf-dist/tex/generic/oberdiek/hobsub-generic.sty
Package: hobsub-generic 2012/05/28 v1.13 Bundle oberdiek, subset generic (HO)
Package: hobsub 2012/05/28 v1.13 Construct package bundles (HO)
Package: infwarerr 2010/04/08 v1.3 Providing info/warning/error messages (HO)
Package: ltxcmds 2011/11/09 v1.22 LaTeX kernel commands for general use (HO)
Package: ifluatex 2010/03/01 v1.3 Provides the ifluatex switch (HO)
Package ifluatex Info: LuaTeX not detected.
Package: ifvtex 2010/03/01 v1.5 Detect VTeX and its facilities (HO)
Package ifvtex Info: VTeX not detected.
Package: intcalc 2007/09/27 v1.1 Expandable calculations with integers (HO)
Package: ifpdf 2011/01/30 v2.3 Provides the ifpdf switch (HO)
Package ifpdf Info: pdfTeX in PDF mode is not detected.
Package: etexcmds 2011/02/16 v1.5 Avoid name clashes with e-TeX commands (HO)
Package etexcmds Info: Could not find \expanded.
(etexcmds)             That can mean that you are not using pdfTeX 1.50 or
(etexcmds)             that some package has redefined \expanded.
(etexcmds)             In the latter case, load this package earlier.
Package: kvsetkeys 2012/04/25 v1.16 Key value parser (HO)
Package: kvdefinekeys 2011/04/07 v1.3 Define keys (HO)
Package: pdftexcmds 2011/11/29 v0.20 Utility functions of pdfTeX for LuaTeX (HO
)
Package pdftexcmds Info: LuaTeX not detected.
Package pdftexcmds Info: \pdf@primitive is available.
Package pdftexcmds Info: \pdf@ifprimitive is available.
Package pdftexcmds Info: \pdfdraftmode is ignored in DVI mode.
Package: pdfescape 2011/11/25 v1.13 Implements pdfTeX's escape features (HO)
Package: bigintcalc 2012/04/08 v1.3 Expandable calculations on big integers (HO
)
Package: bitset 2011/01/30 v1.1 Handle bit-vector datatype (HO)
Package: uniquecounter 2011/01/30 v1.2 Provide unlimited unique counter (HO)
)
Package hobsub Info: Skipping package `hobsub' (already loaded).
Package: letltxmacro 2010/09/02 v1.4 Let assignment for LaTeX macros (HO)
Package: hopatch 2012/05/28 v1.2 Wrapper for package hooks (HO)
Package: xcolor-patch 2011/01/30 xcolor patch
Package: atveryend 2011/06/30 v1.8 Hooks at the very end of document (HO)
Package atveryend Info: \enddocument detected (standard20110627).
Package: atbegshi 2011/10/05 v1.16 At begin shipout hook (HO)
Package: refcount 2011/10/16 v3.4 Data extraction from label references (HO)
Package: hycolor 2011/01/30 v1.7 Color options for hyperref/bookmark (HO)
)
(/usr/local/texlive/2014/texmf-dist/tex/generic/ifxetex/ifxetex.sty
Package: ifxetex 2010/09/12 v0.6 Provides ifxetex conditional
)
(/usr/local/texlive/2014/texmf-dist/tex/latex/oberdiek/auxhook.sty
Package: auxhook 2011/03/04 v1.3 Hooks for auxiliary files (HO)
)
(/usr/local/texlive/2014/texmf-dist/tex/latex/oberdiek/kvoptions.sty
Package: kvoptions 2011/06/30 v3.11 Key value format for package options (HO)
)
\@linkdim=\dimen126
\Hy@linkcounter=\count108
\Hy@pagecounter=\count109

(/usr/local/texlive/2014/texmf-dist/tex/latex/hyperref/pd1enc.def
File: pd1enc.def 2012/11/06 v6.83m Hyperref: PDFDocEncoding definition (HO)
)
\Hy@SavedSpaceFactor=\count110

(/usr/local/texlive/2014/texmf-dist/tex/latex/latexconfig/hyperref.cfg
File: hyperref.cfg 2002/06/06 v1.2 hyperref configuration of TeXLive
)
Package hyperref Info: Option `final' set `true' on input line 4319.
Package hyperref Info: Hyper figures OFF on input line 4443.
Package hyperref Info: Link nesting OFF on input line 4448.
Package hyperref Info: Hyper index ON on input line 4451.
Package hyperref Info: Plain pages OFF on input line 4458.
Package hyperref Info: Backreferencing OFF on input line 4463.
Package hyperref Info: Implicit mode ON; LaTeX internals redefined.
Package hyperref Info: Bookmarks ON on input line 4688.
\c@Hy@tempcnt=\count111

(/usr/local/texlive/2014/texmf-dist/tex/latex/url/url.sty
\Urlmuskip=\muskip11
Package: url 2013/09/16  ver 3.4  Verb mode for urls, etc.
)
LaTeX Info: Redefining \url on input line 5041.
\XeTeXLinkMargin=\dimen127
\Fld@menulength=\count112
\Field@Width=\dimen128
\Fld@charsize=\dimen129
Package hyperref Info: Hyper figures OFF on input line 6295.
Package hyperref Info: Link nesting OFF on input line 6300.
Package hyperref Info: Hyper index ON on input line 6303.
Package hyperref Info: backreferencing OFF on input line 6310.
Package hyperref Info: Link coloring OFF on input line 6315.
Package hyperref Info: Link coloring with OCG OFF on input line 6320.
Package hyperref Info: PDF/A mode OFF on input line 6325.
LaTeX Info: Redefining \ref on input line 6365.
LaTeX Info: Redefining \pageref on input line 6369.
\Hy@abspage=\count113
\c@Item=\count114
\c@Hfootnote=\count115
)

Package hyperref Message: Driver (default): hdvips.

(/usr/local/texlive/2014/texmf-dist/tex/latex/hyperref/hdvips.def
File: hdvips.def 2012/11/06 v6.83m Hyperref driver for dvips

(/usr/local/texlive/2014/texmf-dist/tex/latex/hyperref/pdfmark.def
File: pdfmark.def 2012/11/06 v6.83m Hyperref definitions for pdfmark specials
\pdf@docset=\toks22
\pdf@box=\box29
\pdf@toks=\toks23
\pdf@defaulttoks=\toks24
\HyField@AnnotCount=\count116
\Fld@listcount=\count117
\c@bookmark@seq@number=\count118

(/usr/local/texlive/2014/texmf-dist/tex/latex/oberdiek/rerunfilecheck.sty
Package: rerunfilecheck 2011/04/15 v1.7 Rerun checks for auxiliary files (HO)
Package uniquecounter Info: New unique counter `rerunfilecheck' on input line 2
82.
)
\Hy@SectionHShift=\skip48
))
(/usr/local/texlive/2014/texmf-dist/tex/latex/setspace/setspace.sty
Package: setspace 2011/12/19 v6.7a set line spacing
)
(/usr/local/texlive/2014/texmf-dist/tex/latex/booktabs/booktabs.sty
Package: booktabs 2005/04/14 v1.61803 publication quality tables
\heavyrulewidth=\dimen130
\lightrulewidth=\dimen131
\cmidrulewidth=\dimen132
\belowrulesep=\dimen133
\belowbottomsep=\dimen134
\aboverulesep=\dimen135
\abovetopsep=\dimen136
\cmidrulesep=\dimen137
\cmidrulekern=\dimen138
\defaultaddspace=\dimen139
\@cmidla=\count119
\@cmidlb=\count120
\@aboverulesep=\dimen140
\@belowrulesep=\dimen141
\@thisruleclass=\count121
\@lastruleclass=\count122
\@thisrulewidth=\dimen142
)
(/usr/local/texlive/2014/texmf-dist/tex/latex/multirow/multirow.sty
\bigstrutjot=\dimen143
)
(/usr/local/texlive/2014/texmf-dist/tex/latex/tools/longtable.sty
Package: longtable 2004/02/01 v4.11 Multi-page Table package (DPC)
\LTleft=\skip49
\LTright=\skip50
\LTpre=\skip51
\LTpost=\skip52
\LTchunksize=\count123
\LTcapwidth=\dimen144
\LT@head=\box30
\LT@firsthead=\box31
\LT@foot=\box32
\LT@lastfoot=\box33
\LT@cols=\count124
\LT@rows=\count125
\c@LT@tables=\count126
\c@LT@chunks=\count127
\LT@p@ftn=\toks25
)
(/usr/local/texlive/2014/texmf-dist/tex/latex/enumitem/enumitem.sty
Package: enumitem 2011/09/28 v3.5.2 Customized lists
\labelindent=\skip53
\enit@outerparindent=\dimen145
\enit@toks=\toks26
\enit@inbox=\box34
\enitdp@description=\count128
)
\c@inlinelisti=\count129
\enitdp@inlinelist=\count130

(/usr/local/texlive/2014/texmf-dist/tex/latex/fancyhdr/fancyhdr.sty
\fancy@headwidth=\skip54
\f@ncyO@elh=\skip55
\f@ncyO@erh=\skip56
\f@ncyO@olh=\skip57
\f@ncyO@orh=\skip58
\f@ncyO@elf=\skip59
\f@ncyO@erf=\skip60
\f@ncyO@olf=\skip61
\f@ncyO@orf=\skip62
)
(./gremlin.aux (./gremlin-front.aux) (./gremlin-body.aux)
(./gremlin-appendix.aux))
\openout1 = `gremlin.aux'.

LaTeX Font Info:    Checking defaults for OML/cmm/m/it on input line 57.
LaTeX Font Info:    ... okay on input line 57.
LaTeX Font Info:    Checking defaults for T1/cmr/m/n on input line 57.
LaTeX Font Info:    ... okay on input line 57.
LaTeX Font Info:    Checking defaults for OT1/cmr/m/n on input line 57.
LaTeX Font Info:    ... okay on input line 57.
LaTeX Font Info:    Checking defaults for OMS/cmsy/m/n on input line 57.
LaTeX Font Info:    ... okay on input line 57.
LaTeX Font Info:    Checking defaults for OMX/cmex/m/n on input line 57.
LaTeX Font Info:    ... okay on input line 57.
LaTeX Font Info:    Checking defaults for U/cmr/m/n on input line 57.
LaTeX Font Info:    ... okay on input line 57.
LaTeX Font Info:    Checking defaults for PD1/pdf/m/n on input line 57.
LaTeX Font Info:    ... okay on input line 57.
Package caption Info: Begin \AtBeginDocument code.
Package caption Info: hyperref package is loaded.
Package caption Info: longtable package is loaded.

(/usr/local/texlive/2014/texmf-dist/tex/latex/caption/ltcaption.sty
Package: ltcaption 2013/02/03 v1.3-62 longtable captions (AR)
)
Package caption Info: End \AtBeginDocument code.
\AtBeginShipoutBox=\box35


Package hyperref Warning: Height of page (\paperheight) is invalid (0.0pt),
(hyperref)                using 11in.

Package hyperref Info: Link coloring OFF on input line 57.
(/usr/local/texlive/2014/texmf-dist/tex/latex/hyperref/nameref.sty
Package: nameref 2012/10/27 v2.43 Cross-referencing by name of section

(/usr/local/texlive/2014/texmf-dist/tex/generic/oberdiek/gettitlestring.sty
Package: gettitlestring 2010/12/03 v1.4 Cleanup title references (HO)
)
\c@section@level=\count131
)
LaTeX Info: Redefining \ref on input line 57.
LaTeX Info: Redefining \pageref on input line 57.
LaTeX Info: Redefining \nameref on input line 57.

(./gremlin.out) (./gremlin.out)
\@outlinefile=\write3
\openout3 = `gremlin.out'.

\openout2 = `gremlin-front.aux'.

 (./gremlin-front.tex
LaTeX Font Info:    Try loading font information for U+msa on input line 6.

(/usr/local/texlive/2014/texmf-dist/tex/latex/amsfonts/umsa.fd
File: umsa.fd 2013/01/14 v3.01 AMS symbols A
)
LaTeX Font Info:    Try loading font information for U+msb on input line 6.

(/usr/local/texlive/2014/texmf-dist/tex/latex/amsfonts/umsb.fd
File: umsb.fd 2013/01/14 v3.01 AMS symbols B
)
LaTeX Font Info:    Try loading font information for OMS+cmr on input line 6.

(/usr/local/texlive/2014/texmf-dist/tex/latex/base/omscmr.fd
File: omscmr.fd 1999/05/25 v2.5h Standard LaTeX font definitions
)
LaTeX Font Info:    Font shape `OMS/cmr/m/n' in size <12> not available
(Font)              Font shape `OMS/cmsy/m/n' tried instead on input line 6.
 [1


] [2

] [3]
[4

]
Missing character: There is no â in font cmr12!
Missing character: There is no € in font cmr12!
Missing character: There is no ’ in font cmr12!
Missing character: There is no â in font cmr12!
Missing character: There is no € in font cmr12!
Missing character: There is no ’ in font cmr12!
Missing character: There is no â in font cmr12!
Missing character: There is no € in font cmr12!
Missing character: There is no ’ in font cmr12!
 [5] [6

] (./gremlin.toc [7

] [8])
\tf@toc=\write4
\openout4 = `gremlin.toc'.

 [9] (./gremlin.lot)
\tf@lot=\write5
\openout5 = `gremlin.lot'.

 [10

] (./gremlin.lof
Overfull \hbox (409.47827pt too wide) in paragraph at lines 4--4
 [][] [] []  
 []


Overfull \hbox (123.22429pt too wide) in paragraph at lines 15--15
 [][] [] []  
 []


Overfull \hbox (277.73102pt too wide) in paragraph at lines 16--16
 [][] [] []  
 []

)
\tf@lof=\write6
\openout6 = `gremlin.lof'.

 [11

])
\openout2 = `gremlin-body.aux'.

 (./gremlin-body.tex
Chapter 1.
[1



] [2] [3]
Chapter 2.
[4

] [5] [6]

! LaTeX Error: Cannot determine size of graphic in ./figs/KKI2009-01-DTI.png (n
o BoundingBox).

See the LaTeX manual or LaTeX Companion for explanation.
Type  H <return>  for immediate help.
 ...                                              
                                                  
l.36 ...hics[scale=0.2]{./figs/KKI2009-01-DTI.png}
                                                  
? 
File: ./figs/KKI2009-01-DTI.png Graphic file (type eps)
<./figs/KKI2009-01-DTI.png>

! LaTeX Error: Cannot determine size of graphic in ./figs/KKI2009-01-MPRAGE.png
 (no BoundingBox).

See the LaTeX manual or LaTeX Companion for explanation.
Type  H <return>  for immediate help.
 ...                                              
                                                  
l.43 ...[scale=0.35]{./figs/KKI2009-01-MPRAGE.png}
                                                  
? 
File: ./figs/KKI2009-01-MPRAGE.png Graphic file (type eps)
<./figs/KKI2009-01-MPRAGE.png> [7] [8] [9]
Chapter 3.
[10

]

! LaTeX Error: Cannot determine size of graphic in ./figs/ndmg_simple_pastel.pn
g (no BoundingBox).

See the LaTeX manual or LaTeX Companion for explanation.
Type  H <return>  for immediate help.
 ...                                              
                                                  
l.76 ...\textwidth]{./figs/ndmg_simple_pastel.png}
                                                  
? 
File: ./figs/ndmg_simple_pastel.png Graphic file (type eps)
<./figs/ndmg_simple_pastel.png>

! LaTeX Error: Cannot determine size of graphic in ./figs/ndmg_pipeline_pastel.
png (no BoundingBox).

See the LaTeX manual or LaTeX Companion for explanation.
Type  H <return>  for immediate help.
 ...                                              
                                                  
l.84 ...extwidth]{./figs/ndmg_pipeline_pastel.png}
                                                  
? 
File: ./figs/ndmg_pipeline_pastel.png Graphic file (type eps)
<./figs/ndmg_pipeline_pastel.png>

LaTeX Warning: Float too large for page by 237.48212pt on input line 93.


LaTeX Warning: `!h' float specifier changed to `!ht'.

[11] [12] [13]

! LaTeX Error: Cannot determine size of graphic in ./figs/ndmg_registration.png
 (no BoundingBox).

See the LaTeX manual or LaTeX Companion for explanation.
Type  H <return>  for immediate help.
 ...                                              
                                                  
l.127 ...\textwidth]{./figs/ndmg_registration.png}
                                                  
? 
File: ./figs/ndmg_registration.png Graphic file (type eps)
<./figs/ndmg_registration.png>

LaTeX Warning: `!h' float specifier changed to `!ht'.

[14] [15]

! LaTeX Error: Cannot determine size of graphic in ./figs/tensors.jpg (no Bound
ingBox).

See the LaTeX manual or LaTeX Companion for explanation.
Type  H <return>  for immediate help.
 ...                                              
                                                  
l.146 ...graphics[height=60mm]{./figs/tensors.jpg}
                                                  
? 
File: ./figs/tensors.jpg Graphic file (type eps)
<./figs/tensors.jpg>

LaTeX Warning: `!h' float specifier changed to `!ht'.


! LaTeX Error: Cannot determine size of graphic in ./figs/3dfibers.png (no Boun
dingBox).

See the LaTeX manual or LaTeX Companion for explanation.
Type  H <return>  for immediate help.
 ...                                              
                                                  
l.158 ...width=0.9\textwidth]{./figs/3dfibers.png}
                                                  
? 
File: ./figs/3dfibers.png Graphic file (type eps)
<./figs/3dfibers.png> [16]

LaTeX Warning: `!h' float specifier changed to `!ht'.


! LaTeX Error: Cannot determine size of graphic in ./figs/graphgen.png (no Boun
dingBox).

See the LaTeX manual or LaTeX Companion for explanation.
Type  H <return>  for immediate help.
 ...                                              
                                                  
l.170 ...width=0.8\textwidth]{./figs/graphgen.png}
                                                  
? 
File: ./figs/graphgen.png Graphic file (type eps)
<./figs/graphgen.png>
Overfull \hbox (1.85765pt too wide) in paragraph at lines 167--176
\OT1/cmr/m/n/12 Uti-liz-ing the all-Python li-brary Net-workx[] to con-struct o
ur graphs, we it-er-ate through
 []


LaTeX Warning: `!h' float specifier changed to `!ht'.

[17] [18]

! LaTeX Error: Cannot determine size of graphic in ./figs/ndmg_architecture_pas
tel.png (no BoundingBox).

See the LaTeX manual or LaTeX Companion for explanation.
Type  H <return>  for immediate help.
 ...                                              
                                                  
l.188 ...dth]{./figs/ndmg_architecture_pastel.png}
                                                  
? 
File: ./figs/ndmg_architecture_pastel.png Graphic file (type eps)
<./figs/ndmg_architecture_pastel.png>
Overfull \hbox (30.57272pt too wide) in paragraph at lines 185--195
\OT1/cmr/m/n/12 method is de-scribed and de-fined at [][][][]. 
 []


LaTeX Warning: `!h' float specifier changed to `!ht'.

[19] [20] [21] [22] [23] [24] [25] [26] [27] [28] [29]
Chapter 4.

! LaTeX Error: Cannot determine size of graphic in ./figs/website.png (no Bound
ingBox).

See the LaTeX manual or LaTeX Companion for explanation.
Type  H <return>  for immediate help.
 ...                                              
                                                  
l.264 ...width=0.76\textwidth]{./figs/website.png}
                                                  
? 
File: ./figs/website.png Graphic file (type eps)
<./figs/website.png>

LaTeX Warning: `!h' float specifier changed to `!ht'.


! LaTeX Error: Cannot determine size of graphic in ./figs/graph.png (no Boundin
gBox).

See the LaTeX manual or LaTeX Companion for explanation.
Type  H <return>  for immediate help.
 ...                                              
                                                  
l.300 ...s[width=0.45\textwidth]{./figs/graph.png}
                                                  
? 
File: ./figs/graph.png Graphic file (type eps)
<./figs/graph.png> [30

]

LaTeX Warning: `!h' float specifier changed to `!ht'.


LaTeX Warning: `!h' float specifier changed to `!ht'.

[31] [32]

! LaTeX Error: Cannot determine size of graphic in ./stats/kki2009_disc.pdf (no
 BoundingBox).

See the LaTeX manual or LaTeX Companion for explanation.
Type  H <return>  for immediate help.
 ...                                              
                                                  
l.361 ...=0.9\textwidth]{./stats/kki2009_disc.pdf}
                                                  
? 
File: ./stats/kki2009_disc.pdf Graphic file (type eps)
<./stats/kki2009_disc.pdf>

! LaTeX Error: Cannot determine size of graphic in ./stats/swu4_disc.pdf (no Bo
undingBox).

See the LaTeX manual or LaTeX Companion for explanation.
Type  H <return>  for immediate help.
 ...                                              
                                                  
l.365 ...dth=0.9\textwidth]{./stats/swu4_disc.pdf}
                                                  
? 
File: ./stats/swu4_disc.pdf Graphic file (type eps)
<./stats/swu4_disc.pdf>

LaTeX Warning: Float too large for page by 134.69733pt on input line 371.

[33]

LaTeX Warning: `!h' float specifier changed to `!ht'.

[34]

! LaTeX Error: Cannot determine size of graphic in ./stats/batcheffects.png (no
 BoundingBox).

See the LaTeX manual or LaTeX Companion for explanation.
Type  H <return>  for immediate help.
 ...                                              
                                                  
l.385 ...th=1\textwidth]{./stats/batcheffects.png}
                                                  
? 
File: ./stats/batcheffects.png Graphic file (type eps)
<./stats/batcheffects.png>

LaTeX Warning: `!h' float specifier changed to `!ht'.


LaTeX Warning: Reference `app:graphs' on page 35 undefined on input line 393.


Overfull \hbox (14.18648pt too wide) in paragraph at lines 393--394
[]\OT1/cmr/m/n/12 All se-lected met-rics were com-puted on sev-eral datasets, i
n-clud-ing KKI2009, MRN114,
 []

[35]

! LaTeX Error: Cannot determine size of graphic in ./stats/KKI2009-cc.png (no B
oundingBox).

See the LaTeX manual or LaTeX Companion for explanation.
Type  H <return>  for immediate help.
 ...                                              
                                                  
l.397 ...th=0.4\textwidth]{./stats/KKI2009-cc.png}
                                                  
? 
File: ./stats/KKI2009-cc.png Graphic file (type eps)
<./stats/KKI2009-cc.png>

LaTeX Warning: `!h' float specifier changed to `!ht'.


! LaTeX Error: Cannot determine size of graphic in ./stats/KKI2009-nnz.png (no 
BoundingBox).

See the LaTeX manual or LaTeX Companion for explanation.
Type  H <return>  for immediate help.
 ...                                              
                                                  
l.408 ...h=0.8\textwidth]{./stats/KKI2009-nnz.png}
                                                  
? 
File: ./stats/KKI2009-nnz.png Graphic file (type eps)
<./stats/KKI2009-nnz.png>

LaTeX Warning: `!h' float specifier changed to `!ht'.


! LaTeX Error: Cannot determine size of graphic in ./stats/KKI2009-centrality.p
ng (no BoundingBox).

See the LaTeX manual or LaTeX Companion for explanation.
Type  H <return>  for immediate help.
 ...                                              
                                                  
l.418 ...extwidth]{./stats/KKI2009-centrality.png}
                                                  
? 
File: ./stats/KKI2009-centrality.png Graphic file (type eps)
<./stats/KKI2009-centrality.png> [36]

LaTeX Warning: `!h' float specifier changed to `!ht'.


! LaTeX Error: Cannot determine size of graphic in ./stats/KKI2009-degree.png (
no BoundingBox).

See the LaTeX manual or LaTeX Companion for explanation.
Type  H <return>  for immediate help.
 ...                                              
                                                  
l.427 ....4\textwidth]{./stats/KKI2009-degree.png}
                                                  
? 
File: ./stats/KKI2009-degree.png Graphic file (type eps)
<./stats/KKI2009-degree.png>

! LaTeX Error: Cannot determine size of graphic in ./stats/KKI2009-edgeweight.p
ng (no BoundingBox).

See the LaTeX manual or LaTeX Companion for explanation.
Type  H <return>  for immediate help.
 ...                                              
                                                  
l.436 ...extwidth]{./stats/KKI2009-edgeweight.png}
                                                  
? 
File: ./stats/KKI2009-edgeweight.png Graphic file (type eps)
<./stats/KKI2009-edgeweight.png>

LaTeX Warning: `!h' float specifier changed to `!ht'.


LaTeX Warning: `!h' float specifier changed to `!ht'.

[37]
Overfull \hbox (107.29196pt too wide) in paragraph at lines 452--455
\OT1/cmr/m/n/12 click re-ceive a con-nec-tome in re-turn. Ac-ces-si-ble through
 [][][][],
 []

[38] [39] [40] [41] [42] [43] [44]
Chapter 5.
) [45

] (./gremlin.bbl [46


]
Underfull \hbox (badness 5787) in paragraph at lines 87--91
[]\OT1/cmr/m/n/12 B. B. Avants \OT1/cmr/m/it/12 et al.\OT1/cmr/m/n/12 , ``Ad-va
nced Nor-mal-iza-
 []


Underfull \hbox (badness 8151) in paragraph at lines 87--91
\OT1/cmr/m/n/12 tion Tools (ANTS),'' 2011. [On-line]. Avail-able:
 []


Overfull \hbox (117.2182pt too wide) in paragraph at lines 87--91
[][][][] 
 []

** WARNING: IEEEtran.bst: No hyphenation pattern has been
** loaded for the language `English'. Using the pattern for
** the default language instead.
** WARNING: IEEEtran.bst: No hyphenation pattern has been
** loaded for the language `English'. Using the pattern for
** the default language instead.
[47]
** WARNING: IEEEtran.bst: No hyphenation pattern has been
** loaded for the language `en'. Using the pattern for
** the default language instead.
** WARNING: IEEEtran.bst: No hyphenation pattern has been
** loaded for the language `en'. Using the pattern for
** the default language instead.
** WARNING: IEEEtran.bst: No hyphenation pattern has been
** loaded for the language `English'. Using the pattern for
** the default language instead.
** WARNING: IEEEtran.bst: No hyphenation pattern has been
** loaded for the language `English'. Using the pattern for
** the default language instead.
[48] [49] [50]
Missing character: There is no â in font cmr12!
Missing character: There is no € in font cmr12!
Missing character: There is no ™ in font cmr12!
) [51]
\openout2 = `gremlin-appendix.aux'.


No file gremlin-appendix.tex.

! LaTeX Error: Cannot determine size of graphic in gkheadshot.jpg (no BoundingB
ox).

See the LaTeX manual or LaTeX Companion for explanation.
Type  H <return>  for immediate help.
 ...                                              
                                                  
l.82 ....5in,clip,keepaspectratio]{gkheadshot.jpg}
                                                  
? 
File: gkheadshot.jpg Graphic file (type eps)
<gkheadshot.jpg>
Underfull \hbox (badness 1325) in paragraph at lines 84--87
\OT1/cmr/m/n/12 Biomed-i-cal and Elec-tri-cal En-gi-neer-ing from
 []

Package atveryend Info: Empty hook `BeforeClearDocument' on input line 90.
[52



]
Package atveryend Info: Empty hook `AfterLastShipout' on input line 90.
 (./gremlin.aux (./gremlin-front.aux) (./gremlin-body.aux)
(./gremlin-appendix.aux))
Package atveryend Info: Empty hook `AtVeryEndDocument' on input line 90.
Package atveryend Info: Executing hook `AtEndAfterFileList' on input line 90.
Package rerunfilecheck Info: File `gremlin.out' has not changed.
(rerunfilecheck)             Checksum: A21CFD57824B68FA67503CD245822119;2104.


LaTeX Warning: There were undefined references.

Package atveryend Info: Empty hook `AtVeryVeryEnd' on input line 90.
 ) 
Here is how much of TeX's memory you used:
 7935 strings out of 493118
 118149 string characters out of 6135459
 223088 words of memory out of 5000000
 11242 multiletter control sequences out of 15000+600000
 15529 words of font info for 59 fonts, out of 8000000 for 9000
 1141 hyphenation exceptions out of 8191
 36i,11n,44p,2932b,555s stack positions out of 5000i,500n,10000p,200000b,80000s

Output written on gremlin.dvi (63 pages, 175264 bytes).
