This is pdfTeX, Version 3.14159265-2.6-1.40.17 (TeX Live 2016/Debian) (preloaded format=pdflatex 2016.11.17)  28 NOV 2016 17:31
entering extended mode
 \write18 enabled.
 file:line:error style messages enabled.
 %&-line parsing enabled.
**main.tex
(./main.tex
LaTeX2e <2016/03/31> patch level 3
Babel <3.9r> and hyphenation patterns for 83 language(s) loaded.
(./thesis.cls
Document Class: thesis 2005/11/10 version 0.3.2 JHU Thesis Class
(./jhu12.clo)
\descriptionmargin=\dimen102
\c@part=\count79
\c@chapter=\count80
\c@section=\count81
\c@subsection=\count82
\c@subsubsection=\count83
\c@paragraph=\count84
\c@subparagraph=\count85
\c@figure=\count86
\c@table=\count87
) (/usr/share/texlive/texmf-dist/tex/latex/cite/cite.sty
LaTeX Info: Redefining \cite on input line 302.
LaTeX Info: Redefining \nocite on input line 332.
Package: cite 2015/02/27  v 5.5
LaTeX Info: Redefining \cite on input line 441.
)
(/usr/share/texlive/texmf-dist/tex/latex/amsmath/amsmath.sty
Package: amsmath 2016/06/28 v2.15d AMS math features
\@mathmargin=\skip41

For additional information on amsmath, use the `?' option.
(/usr/share/texlive/texmf-dist/tex/latex/amsmath/amstext.sty
Package: amstext 2000/06/29 v2.01 AMS text

(/usr/share/texlive/texmf-dist/tex/latex/amsmath/amsgen.sty
File: amsgen.sty 1999/11/30 v2.0 generic functions
\@emptytoks=\toks14
\ex@=\dimen103
))
(/usr/share/texlive/texmf-dist/tex/latex/amsmath/amsbsy.sty
Package: amsbsy 1999/11/29 v1.2d Bold Symbols
\pmbraise@=\dimen104
)
(/usr/share/texlive/texmf-dist/tex/latex/amsmath/amsopn.sty
Package: amsopn 2016/03/08 v2.02 operator names
)
\inf@bad=\count88
LaTeX Info: Redefining \frac on input line 199.
\uproot@=\count89
\leftroot@=\count90
LaTeX Info: Redefining \overline on input line 297.
\classnum@=\count91
\DOTSCASE@=\count92
LaTeX Info: Redefining \ldots on input line 394.
LaTeX Info: Redefining \dots on input line 397.
LaTeX Info: Redefining \cdots on input line 518.
\Mathstrutbox@=\box26
\strutbox@=\box27
\big@size=\dimen105
LaTeX Font Info:    Redeclaring font encoding OML on input line 634.
LaTeX Font Info:    Redeclaring font encoding OMS on input line 635.
\macc@depth=\count93
\c@MaxMatrixCols=\count94
\dotsspace@=\muskip10
\c@parentequation=\count95
\dspbrk@lvl=\count96
\tag@help=\toks15
\row@=\count97
\column@=\count98
\maxfields@=\count99
\andhelp@=\toks16
\eqnshift@=\dimen106
\alignsep@=\dimen107
\tagshift@=\dimen108
\tagwidth@=\dimen109
\totwidth@=\dimen110
\lineht@=\dimen111
\@envbody=\toks17
\multlinegap=\skip42
\multlinetaggap=\skip43
\mathdisplay@stack=\toks18
LaTeX Info: Redefining \[ on input line 2739.
LaTeX Info: Redefining \] on input line 2740.
)
(/usr/share/texlive/texmf-dist/tex/latex/amsfonts/amsfonts.sty
Package: amsfonts 2013/01/14 v3.01 Basic AMSFonts support
\symAMSa=\mathgroup4
\symAMSb=\mathgroup5
LaTeX Font Info:    Overwriting math alphabet `\mathfrak' in version `bold'
(Font)                  U/euf/m/n --> U/euf/b/n on input line 106.
)
(/usr/share/texlive/texmf-dist/tex/latex/graphics/graphicx.sty
Package: graphicx 2014/10/28 v1.0g Enhanced LaTeX Graphics (DPC,SPQR)

(/usr/share/texlive/texmf-dist/tex/latex/graphics/keyval.sty
Package: keyval 2014/10/28 v1.15 key=value parser (DPC)
\KV@toks@=\toks19
)
(/usr/share/texlive/texmf-dist/tex/latex/graphics/graphics.sty
Package: graphics 2016/07/10 v1.0t Standard LaTeX Graphics (DPC,SPQR)

(/usr/share/texlive/texmf-dist/tex/latex/graphics/trig.sty
Package: trig 2016/01/03 v1.10 sin cos tan (DPC)
)
(/usr/share/texlive/texmf-dist/tex/latex/graphics-cfg/graphics.cfg
File: graphics.cfg 2016/06/04 v1.11 sample graphics configuration
)
Package graphics Info: Driver file: pdftex.def on input line 99.

(/usr/share/texlive/texmf-dist/tex/latex/graphics-def/pdftex.def
File: pdftex.def 2016/07/10 v0.06j Graphics/color for pdfTeX

(/usr/share/texlive/texmf-dist/tex/generic/oberdiek/infwarerr.sty
Package: infwarerr 2016/05/16 v1.4 Providing info/warning/error messages (HO)
)
(/usr/share/texlive/texmf-dist/tex/generic/oberdiek/ltxcmds.sty
Package: ltxcmds 2016/05/16 v1.23 LaTeX kernel commands for general use (HO)
)
\Gread@gobject=\count100
))
\Gin@req@height=\dimen112
\Gin@req@width=\dimen113
)
(/usr/share/texlive/texmf-dist/tex/latex/base/fixltx2e.sty
Package: fixltx2e 2015/06/22 v2.0b fixes to LaTeX (obsolete)


Package fixltx2e Warning: fixltx2e is not required with releases after 2015
(fixltx2e)                All fixes are now in the LaTeX kernel.
(fixltx2e)                See the latexrelease package for details.

) (/usr/share/texlive/texmf-dist/tex/latex/tools/array.sty
Package: array 2014/10/28 v2.4c Tabular extension package (FMi)
\col@sep=\dimen114
\extrarowheight=\dimen115
\NC@list=\toks20
\extratabsurround=\skip44
\backup@length=\skip45
)
(/usr/share/texlive/texmf-dist/tex/latex/appendix/appendix.sty
Package: appendix 2009/09/02 v1.2b extra appendix facilities
\c@@pps=\count101
\c@@ppsavesec=\count102
\c@@ppsaveapp=\count103
)
(/usr/share/texlive/texmf-dist/tex/latex/wrapfig/wrapfig.sty
\wrapoverhang=\dimen116
\WF@size=\dimen117
\c@WF@wrappedlines=\count104
\WF@box=\box28
\WF@everypar=\toks21
Package: wrapfig 2003/01/31  v 3.6
)
(/usr/share/texlive/texmf-dist/tex/generic/babel/babel.sty
Package: babel 2016/04/23 3.9r The Babel package

(/usr/share/texlive/texmf-dist/tex/generic/babel-english/english.ldf
Language: english 2012/08/20 v3.3p English support from the babel system

(/usr/share/texlive/texmf-dist/tex/generic/babel/babel.def
File: babel.def 2016/04/23 3.9r Babel common definitions
\babel@savecnt=\count105
\U@D=\dimen118
)
\l@canadian = a dialect from \language\l@american 
\l@australian = a dialect from \language\l@british 
\l@newzealand = a dialect from \language\l@british 
))
(/usr/share/texlive/texmf-dist/tex/latex/caption/caption.sty
Package: caption 2016/02/21 v3.3-144 Customizing captions (AR)

(/usr/share/texlive/texmf-dist/tex/latex/caption/caption3.sty
Package: caption3 2016/05/22 v1.7-166 caption3 kernel (AR)
Package caption3 Info: TeX engine: e-TeX on input line 67.
\captionmargin=\dimen119
\captionmargin@=\dimen120
\captionwidth=\dimen121
\caption@tempdima=\dimen122
\caption@indent=\dimen123
\caption@parindent=\dimen124
\caption@hangindent=\dimen125
\abovecaptionskip=\skip46
\belowcaptionskip=\skip47
Package caption Info: Unknown document class (or package),
(caption)             standard defaults will be used.
)

Package caption Warning: Unsupported document class (or package) detected,
(caption)                usage of the caption package is not recommended.
See the caption package documentation for explanation.

Package caption Info: \@makecaption = \long macro:#1#2->\par \ifdim \prevdepth 
>-\p@ \vskip 10\p@ \relax \fi \setbox \@tempboxa \hbox {\vbox to\topskip {}#1: 
#2\unskip \strut }\ifdim \wd \@tempboxa >\hsize {\ssp #1: #2\unskip \strut \par
 } \else \hbox to\hsize {\hfil \unhbox \@tempboxa \hfil }\fi .
\c@ContinuedFloat=\count106
Package caption Info: wrapfig package is loaded.
) (/usr/share/texlive/texmf-dist/tex/latex/caption/subcaption.sty
Package: subcaption 2016/05/22 v1.1-161 Sub-captions (AR)
\c@subfigure=\count107
\c@subtable=\count108
)
(/usr/share/texlive/texmf-dist/tex/latex/was/upgreek.sty
Package: upgreek 2003/02/12 v2.0 (WaS)
Package upgreek Info: Using Euler Roman for upright Greek on input line 31.
\symugrf@m=\mathgroup6
LaTeX Font Info:    Overwriting symbol font `ugrf@m' in version `bold'
(Font)                  U/eur/m/n --> U/eur/b/n on input line 38.
)
(/usr/share/texlive/texmf-dist/tex/latex/hyperref/hyperref.sty
Package: hyperref 2016/06/24 v6.83q Hypertext links for LaTeX

(/usr/share/texlive/texmf-dist/tex/generic/oberdiek/hobsub-hyperref.sty
Package: hobsub-hyperref 2016/05/16 v1.14 Bundle oberdiek, subset hyperref (HO)


(/usr/share/texlive/texmf-dist/tex/generic/oberdiek/hobsub-generic.sty
Package: hobsub-generic 2016/05/16 v1.14 Bundle oberdiek, subset generic (HO)
Package: hobsub 2016/05/16 v1.14 Construct package bundles (HO)
Package hobsub Info: Skipping package `infwarerr' (already loaded).
Package hobsub Info: Skipping package `ltxcmds' (already loaded).
Package: ifluatex 2016/05/16 v1.4 Provides the ifluatex switch (HO)
Package ifluatex Info: LuaTeX not detected.
Package: ifvtex 2016/05/16 v1.6 Detect VTeX and its facilities (HO)
Package ifvtex Info: VTeX not detected.
Package: intcalc 2016/05/16 v1.2 Expandable calculations with integers (HO)
Package: ifpdf 2016/05/14 v3.1 Provides the ifpdf switch
Package: etexcmds 2016/05/16 v1.6 Avoid name clashes with e-TeX commands (HO)
Package etexcmds Info: Could not find \expanded.
(etexcmds)             That can mean that you are not using pdfTeX 1.50 or
(etexcmds)             that some package has redefined \expanded.
(etexcmds)             In the latter case, load this package earlier.
Package: kvsetkeys 2016/05/16 v1.17 Key value parser (HO)
Package: kvdefinekeys 2016/05/16 v1.4 Define keys (HO)
Package: pdftexcmds 2016/05/21 v0.22 Utility functions of pdfTeX for LuaTeX (HO
)
Package pdftexcmds Info: LuaTeX not detected.
Package pdftexcmds Info: \pdf@primitive is available.
Package pdftexcmds Info: \pdf@ifprimitive is available.
Package pdftexcmds Info: \pdfdraftmode found.
Package: pdfescape 2016/05/16 v1.14 Implements pdfTeX's escape features (HO)
Package: bigintcalc 2016/05/16 v1.4 Expandable calculations on big integers (HO
)
Package: bitset 2016/05/16 v1.2 Handle bit-vector datatype (HO)
Package: uniquecounter 2016/05/16 v1.3 Provide unlimited unique counter (HO)
)
Package hobsub Info: Skipping package `hobsub' (already loaded).
Package: letltxmacro 2016/05/16 v1.5 Let assignment for LaTeX macros (HO)
Package: hopatch 2016/05/16 v1.3 Wrapper for package hooks (HO)
Package: xcolor-patch 2016/05/16 xcolor patch
Package: atveryend 2016/05/16 v1.9 Hooks at the very end of document (HO)
Package atveryend Info: \enddocument detected (standard20110627).
Package: atbegshi 2016/06/09 v1.18 At begin shipout hook (HO)
Package: refcount 2016/05/16 v3.5 Data extraction from label references (HO)
Package: hycolor 2016/05/16 v1.8 Color options for hyperref/bookmark (HO)
)
(/usr/share/texlive/texmf-dist/tex/generic/ifxetex/ifxetex.sty
Package: ifxetex 2010/09/12 v0.6 Provides ifxetex conditional
)
(/usr/share/texlive/texmf-dist/tex/latex/oberdiek/auxhook.sty
Package: auxhook 2016/05/16 v1.4 Hooks for auxiliary files (HO)
)
(/usr/share/texlive/texmf-dist/tex/latex/oberdiek/kvoptions.sty
Package: kvoptions 2016/05/16 v3.12 Key value format for package options (HO)
)
\@linkdim=\dimen126
\Hy@linkcounter=\count109
\Hy@pagecounter=\count110

(/usr/share/texlive/texmf-dist/tex/latex/hyperref/pd1enc.def
File: pd1enc.def 2016/06/24 v6.83q Hyperref: PDFDocEncoding definition (HO)
)
\Hy@SavedSpaceFactor=\count111

(/usr/share/texlive/texmf-dist/tex/latex/latexconfig/hyperref.cfg
File: hyperref.cfg 2002/06/06 v1.2 hyperref configuration of TeXLive
)
Package hyperref Info: Option `final' set `true' on input line 4362.
Package hyperref Info: Hyper figures OFF on input line 4486.
Package hyperref Info: Link nesting OFF on input line 4491.
Package hyperref Info: Hyper index ON on input line 4494.
Package hyperref Info: Plain pages OFF on input line 4501.
Package hyperref Info: Backreferencing OFF on input line 4506.
Package hyperref Info: Implicit mode ON; LaTeX internals redefined.
Package hyperref Info: Bookmarks ON on input line 4735.
\c@Hy@tempcnt=\count112

(/usr/share/texlive/texmf-dist/tex/latex/url/url.sty
\Urlmuskip=\muskip11
Package: url 2013/09/16  ver 3.4  Verb mode for urls, etc.
)
LaTeX Info: Redefining \url on input line 5088.
\XeTeXLinkMargin=\dimen127
\Fld@menulength=\count113
\Field@Width=\dimen128
\Fld@charsize=\dimen129
Package hyperref Info: Hyper figures OFF on input line 6342.
Package hyperref Info: Link nesting OFF on input line 6347.
Package hyperref Info: Hyper index ON on input line 6350.
Package hyperref Info: backreferencing OFF on input line 6357.
Package hyperref Info: Link coloring OFF on input line 6362.
Package hyperref Info: Link coloring with OCG OFF on input line 6367.
Package hyperref Info: PDF/A mode OFF on input line 6372.
LaTeX Info: Redefining \ref on input line 6412.
LaTeX Info: Redefining \pageref on input line 6416.
\Hy@abspage=\count114
\c@Item=\count115
\c@Hfootnote=\count116
)

Package hyperref Message: Driver (autodetected): hpdftex.

(/usr/share/texlive/texmf-dist/tex/latex/hyperref/hpdftex.def
File: hpdftex.def 2016/06/24 v6.83q Hyperref driver for pdfTeX
\Fld@listcount=\count117
\c@bookmark@seq@number=\count118

(/usr/share/texlive/texmf-dist/tex/latex/oberdiek/rerunfilecheck.sty
Package: rerunfilecheck 2016/05/16 v1.8 Rerun checks for auxiliary files (HO)
Package uniquecounter Info: New unique counter `rerunfilecheck' on input line 2
82.
)
\Hy@SectionHShift=\skip48
)
(/usr/share/texlive/texmf-dist/tex/latex/setspace/setspace.sty
Package: setspace 2011/12/19 v6.7a set line spacing
)
(/usr/share/texlive/texmf-dist/tex/latex/booktabs/booktabs.sty
Package: booktabs 2016/04/27 v1.618033 publication quality tables
\heavyrulewidth=\dimen130
\lightrulewidth=\dimen131
\cmidrulewidth=\dimen132
\belowrulesep=\dimen133
\belowbottomsep=\dimen134
\aboverulesep=\dimen135
\abovetopsep=\dimen136
\cmidrulesep=\dimen137
\cmidrulekern=\dimen138
\defaultaddspace=\dimen139
\@cmidla=\count119
\@cmidlb=\count120
\@aboverulesep=\dimen140
\@belowrulesep=\dimen141
\@thisruleclass=\count121
\@lastruleclass=\count122
\@thisrulewidth=\dimen142
)
(/usr/share/texlive/texmf-dist/tex/latex/multirow/multirow.sty
\bigstrutjot=\dimen143
)
(/usr/share/texlive/texmf-dist/tex/latex/tools/longtable.sty
Package: longtable 2014/10/28 v4.11 Multi-page Table package (DPC)
\LTleft=\skip49
\LTright=\skip50
\LTpre=\skip51
\LTpost=\skip52
\LTchunksize=\count123
\LTcapwidth=\dimen144
\LT@head=\box29
\LT@firsthead=\box30
\LT@foot=\box31
\LT@lastfoot=\box32
\LT@cols=\count124
\LT@rows=\count125
\c@LT@tables=\count126
\c@LT@chunks=\count127
\LT@p@ftn=\toks22
)
(/usr/share/texlive/texmf-dist/tex/latex/enumitem/enumitem.sty
Package: enumitem 2011/09/28 v3.5.2 Customized lists
\labelindent=\skip53
\enit@outerparindent=\dimen145
\enit@toks=\toks23
\enit@inbox=\box33
\enitdp@description=\count128
)
\c@inlinelisti=\count129
\enitdp@inlinelist=\count130

(/usr/share/texlive/texmf-dist/tex/latex/fancyhdr/fancyhdr.sty
\fancy@headwidth=\skip54
\f@ncyO@elh=\skip55
\f@ncyO@erh=\skip56
\f@ncyO@olh=\skip57
\f@ncyO@orh=\skip58
\f@ncyO@elf=\skip59
\f@ncyO@erf=\skip60
\f@ncyO@olf=\skip61
\f@ncyO@orf=\skip62
) (./main.aux
(./front.aux) (./body.aux) (./appendix.aux))
\openout1 = `main.aux'.

LaTeX Font Info:    Checking defaults for OML/cmm/m/it on input line 57.
LaTeX Font Info:    ... okay on input line 57.
LaTeX Font Info:    Checking defaults for T1/cmr/m/n on input line 57.
LaTeX Font Info:    ... okay on input line 57.
LaTeX Font Info:    Checking defaults for OT1/cmr/m/n on input line 57.
LaTeX Font Info:    ... okay on input line 57.
LaTeX Font Info:    Checking defaults for OMS/cmsy/m/n on input line 57.
LaTeX Font Info:    ... okay on input line 57.
LaTeX Font Info:    Checking defaults for OMX/cmex/m/n on input line 57.
LaTeX Font Info:    ... okay on input line 57.
LaTeX Font Info:    Checking defaults for U/cmr/m/n on input line 57.
LaTeX Font Info:    ... okay on input line 57.
LaTeX Font Info:    Checking defaults for PD1/pdf/m/n on input line 57.
LaTeX Font Info:    ... okay on input line 57.

(/usr/share/texlive/texmf-dist/tex/context/base/mkii/supp-pdf.mkii
[Loading MPS to PDF converter (version 2006.09.02).]
\scratchcounter=\count131
\scratchdimen=\dimen146
\scratchbox=\box34
\nofMPsegments=\count132
\nofMParguments=\count133
\everyMPshowfont=\toks24
\MPscratchCnt=\count134
\MPscratchDim=\dimen147
\MPnumerator=\count135
\makeMPintoPDFobject=\count136
\everyMPtoPDFconversion=\toks25
) (/usr/share/texlive/texmf-dist/tex/latex/oberdiek/epstopdf-base.sty
Package: epstopdf-base 2016/05/15 v2.6 Base part for package epstopdf

(/usr/share/texlive/texmf-dist/tex/latex/oberdiek/grfext.sty
Package: grfext 2016/05/16 v1.2 Manage graphics extensions (HO)
)
Package epstopdf-base Info: Redefining graphics rule for `.eps' on input line 4
38.
Package grfext Info: Graphics extension search list:
(grfext)             [.png,.pdf,.jpg,.mps,.jpeg,.jbig2,.jb2,.PNG,.PDF,.JPG,.JPE
G,.JBIG2,.JB2,.eps]
(grfext)             \AppendGraphicsExtensions on input line 456.

(/usr/share/texlive/texmf-dist/tex/latex/latexconfig/epstopdf-sys.cfg
File: epstopdf-sys.cfg 2010/07/13 v1.3 Configuration of (r)epstopdf for TeX Liv
e
))
Package caption Info: Begin \AtBeginDocument code.
Package caption Info: hyperref package is loaded.
Package caption Info: longtable package is loaded.

(/usr/share/texlive/texmf-dist/tex/latex/caption/ltcaption.sty
Package: ltcaption 2013/06/09 v1.4-94 longtable captions (AR)
)
Package caption Info: End \AtBeginDocument code.
\AtBeginShipoutBox=\box35


Package hyperref Warning: Height of page (\paperheight) is invalid (0.0pt),
(hyperref)                using 11in.

Package hyperref Info: Link coloring OFF on input line 57.
(/usr/share/texlive/texmf-dist/tex/latex/hyperref/nameref.sty
Package: nameref 2016/05/21 v2.44 Cross-referencing by name of section

(/usr/share/texlive/texmf-dist/tex/generic/oberdiek/gettitlestring.sty
Package: gettitlestring 2016/05/16 v1.5 Cleanup title references (HO)
)
\c@section@level=\count137
)
LaTeX Info: Redefining \ref on input line 57.
LaTeX Info: Redefining \pageref on input line 57.
LaTeX Info: Redefining \nameref on input line 57.

(./main.out) (./main.out)
\@outlinefile=\write3
\openout3 = `main.out'.

\openout2 = `front.aux'.

 (./front.tex
LaTeX Font Info:    Try loading font information for U+msa on input line 6.

(/usr/share/texlive/texmf-dist/tex/latex/amsfonts/umsa.fd
File: umsa.fd 2013/01/14 v3.01 AMS symbols A
)
LaTeX Font Info:    Try loading font information for U+msb on input line 6.

(/usr/share/texlive/texmf-dist/tex/latex/amsfonts/umsb.fd
File: umsb.fd 2013/01/14 v3.01 AMS symbols B
)
LaTeX Font Info:    Try loading font information for OMS+cmr on input line 6.

(/usr/share/texlive/texmf-dist/tex/latex/base/omscmr.fd
File: omscmr.fd 2014/09/29 v2.5h Standard LaTeX font definitions
)
LaTeX Font Info:    Font shape `OMS/cmr/m/n' in size <12> not available
(Font)              Font shape `OMS/cmsy/m/n' tried instead on input line 6.
 [1


{/var/lib/texmf/fonts/map/pdftex/updmap/pdftex.map}] [2

] [3] [4

]
Missing character: There is no â in font cmr12!
Missing character: There is no € in font cmr12!
Missing character: There is no ’ in font cmr12!
Missing character: There is no â in font cmr12!
Missing character: There is no € in font cmr12!
Missing character: There is no ’ in font cmr12!
Missing character: There is no â in font cmr12!
Missing character: There is no € in font cmr12!
Missing character: There is no ’ in font cmr12!
 [5] [6

] (./main.toc [7

] [8])
\tf@toc=\write4
\openout4 = `main.toc'.


[9] (./main.lot)
\tf@lot=\write5
\openout5 = `main.lot'.

 [10

] (./main.lof
Overfull \hbox (4.32248pt too wide) in paragraph at lines 4--4
 [][] [][]\OT1/cmr/m/n/12 Structural MRI im-age vol-umes. Note that the DTI vol
-ume is anisotropic 
 []

)
\tf@lof=\write6
\openout6 = `main.lof'.

 [11

])
\openout2 = `body.aux'.

 (./body.tex
Chapter 1.
[1



] [2] [3]
Chapter 2.
[4

] [5] [6] <./figs/KKI2009-01-DTI.png, id=368, 1023.825pt x 260.975pt>
File: ./figs/KKI2009-01-DTI.png Graphic file (type png)

<use ./figs/KKI2009-01-DTI.png>
Package pdftex.def Info: ./figs/KKI2009-01-DTI.png used on input line 36.
(pdftex.def)             Requested size: 204.76137pt x 52.19408pt.

Overfull \hbox (9.6337pt too wide) in paragraph at lines 36--39
 [][] 
 []

<./figs/KKI2009-01-MPRAGE.png, id=369, 409.53pt x 409.53pt>
File: ./figs/KKI2009-01-MPRAGE.png Graphic file (type png)

<use ./figs/KKI2009-01-MPRAGE.png>
Package pdftex.def Info: ./figs/KKI2009-01-MPRAGE.png used on input line 43.
(pdftex.def)             Requested size: 143.33765pt x 143.33765pt.
 [7 <./figs/KKI2009-01-DTI.png (PNG copy)> <./figs/KKI2009-01-MPRAGE.png (PNG c
opy)>] [8] [9]
Chapter 3.
[10

] <./figs/ndmg_simple_pastel.png, id=404, 749.9217pt x 198.7425pt>
File: ./figs/ndmg_simple_pastel.png Graphic file (type png)

<use ./figs/ndmg_simple_pastel.png>
Package pdftex.def Info: ./figs/ndmg_simple_pastel.png used on input line 76.
(pdftex.def)             Requested size: 346.89731pt x 91.93515pt.

<./figs/ndmg_pipeline_pastel.png, id=405, 1249.3074pt x 429.5247pt>
File: ./figs/ndmg_pipeline_pastel.png Graphic file (type png)

<use ./figs/ndmg_pipeline_pastel.png>
Package pdftex.def Info: ./figs/ndmg_pipeline_pastel.png used on input line 84.

(pdftex.def)             Requested size: 433.62pt x 149.08408pt.


LaTeX Warning: `!h' float specifier changed to `!ht'.

[11] [12 <./figs/ndmg_simple_pastel.png> <./figs/ndmg_pipeline_pastel.png>]
[13] <./figs/ndmg_registration.png, id=426, 939.51pt x 406.6392pt>
File: ./figs/ndmg_registration.png Graphic file (type png)

<use ./figs/ndmg_registration.png>
Package pdftex.def Info: ./figs/ndmg_registration.png used on input line 127.
(pdftex.def)             Requested size: 433.62pt x 187.67679pt.
 [14] [15 <./figs/ndmg_registration.png>]
[16] <./figs/tensors.jpg, id=443, 144.54pt x 117.5592pt>
File: ./figs/tensors.jpg Graphic file (type jpg)

<use ./figs/tensors.jpg>
Package pdftex.def Info: ./figs/tensors.jpg used on input line 146.
(pdftex.def)             Requested size: 209.91725pt x 170.71652pt.
 <./figs/3dfibers.png, id=450, 1405.25pt x 1084.05pt>
File: ./figs/3dfibers.png Graphic file (type png)

<use ./figs/3dfibers.png>
Package pdftex.def Info: ./figs/3dfibers.png used on input line 158.
(pdftex.def)             Requested size: 390.25534pt x 301.05075pt.
 [17 <./figs/tensors.jpg>]

LaTeX Warning: `!h' float specifier changed to `!ht'.

<./figs/graphgen.png, id=456, 329.3103pt x 265.9536pt>
File: ./figs/graphgen.png Graphic file (type png)

<use ./figs/graphgen.png>
Package pdftex.def Info: ./figs/graphgen.png used on input line 170.
(pdftex.def)             Requested size: 346.89731pt x 280.18071pt.

Overfull \hbox (1.85765pt too wide) in paragraph at lines 167--176
\OT1/cmr/m/n/12 Uti-liz-ing the all-Python li-brary Net-workx[] to con-struct o
ur graphs, we it-er-ate through
 []


LaTeX Warning: `!h' float specifier changed to `!ht'.

[18] [19 <./figs/3dfibers.png>] [20 <./figs/graphgen.png>]
<./figs/ndmg_architecture_pastel.png, id=481, 1156.32pt x 800.0289pt>
File: ./figs/ndmg_architecture_pastel.png Graphic file (type png)

<use ./figs/ndmg_architecture_pastel.png>
Package pdftex.def Info: ./figs/ndmg_architecture_pastel.png used on input line
 188.
(pdftex.def)             Requested size: 420.61192pt x 291.001pt.


LaTeX Warning: `!h' float specifier changed to `!ht'.

[21] [22 <./figs/ndmg_architecture_pastel.png>] [23] [24] [25] [26]
Chapter 4.
<./figs/website.png, id=528, 892.33376pt x 607.26875pt>
File: ./figs/website.png Graphic file (type png)

<use ./figs/website.png>
Package pdftex.def Info: ./figs/website.png used on input line 264.
(pdftex.def)             Requested size: 329.54881pt x 224.26894pt.


LaTeX Warning: `!h' float specifier changed to `!ht'.

<./figs/graph.png, id=531, 542.025pt x 549.05125pt>
File: ./figs/graph.png Graphic file (type png)
 <use ./figs/graph.png>
Package pdftex.def Info: ./figs/graph.png used on input line 300.
(pdftex.def)             Requested size: 195.12767pt x 197.6583pt.

[27

]

LaTeX Warning: `!h' float specifier changed to `!ht'.


LaTeX Warning: `!h' float specifier changed to `!ht'.

[28 <./figs/website.png>] [29 <./figs/graph.png>]
<./stats/kki2009_disc.pdf, id=566, 722.7pt x 361.35pt>
File: ./stats/kki2009_disc.pdf Graphic file (type pdf)

<use ./stats/kki2009_disc.pdf>
Package pdftex.def Info: ./stats/kki2009_disc.pdf used on input line 361.
(pdftex.def)             Requested size: 351.22742pt x 175.61293pt.

<./stats/swu4_disc.pdf, id=567, 722.7pt x 361.35pt>
File: ./stats/swu4_disc.pdf Graphic file (type pdf)

<use ./stats/swu4_disc.pdf>
Package pdftex.def Info: ./stats/swu4_disc.pdf used on input line 365.
(pdftex.def)             Requested size: 351.22742pt x 175.61293pt.


LaTeX Warning: `!h' float specifier changed to `!ht'.

[30] [31 <./stats/kki2009_disc.pdf> <./stats/swu4_disc.pdf>] [32]
<./stats/batcheffects.png, id=595, 1156.32pt x 578.16pt>
File: ./stats/batcheffects.png Graphic file (type png)

<use ./stats/batcheffects.png>
Package pdftex.def Info: ./stats/batcheffects.png used on input line 385.
(pdftex.def)             Requested size: 433.62pt x 216.80946pt.

Overfull \hbox (14.18648pt too wide) in paragraph at lines 393--394
[]\OT1/cmr/m/n/12 All se-lected met-rics were com-puted on sev-eral datasets, i
n-clud-ing KKI2009, MRN114,
 []

[33 <./stats/batcheffects.png>]
<./stats/KKI2009-cc.png, id=602, 433.62pt x 433.62pt>
File: ./stats/KKI2009-cc.png Graphic file (type png)

<use ./stats/KKI2009-cc.png>
Package pdftex.def Info: ./stats/KKI2009-cc.png used on input line 397.
(pdftex.def)             Requested size: 173.44534pt x 173.44492pt.

<./stats/KKI2009-nnz.png, id=603, 867.24pt x 433.62pt>
File: ./stats/KKI2009-nnz.png Graphic file (type png)

<use ./stats/KKI2009-nnz.png>
Package pdftex.def Info: ./stats/KKI2009-nnz.png used on input line 408.
(pdftex.def)             Requested size: 346.89731pt x 173.45154pt.
 [34 <./stats/KKI2009-cc.png>]
<./stats/KKI2009-centrality.png, id=609, 433.62pt x 433.62pt>
File: ./stats/KKI2009-centrality.png Graphic file (type png)

<use ./stats/KKI2009-centrality.png>
Package pdftex.def Info: ./stats/KKI2009-centrality.png used on input line 418.

(pdftex.def)             Requested size: 173.44534pt x 173.44492pt.


LaTeX Warning: `!h' float specifier changed to `!ht'.

<./stats/KKI2009-degree.png, id=610, 433.62pt x 433.62pt>
File: ./stats/KKI2009-degree.png Graphic file (type png)

<use ./stats/KKI2009-degree.png>
Package pdftex.def Info: ./stats/KKI2009-degree.png used on input line 427.
(pdftex.def)             Requested size: 173.44534pt x 173.44492pt.

<./stats/KKI2009-edgeweight.png, id=611, 433.62pt x 433.62pt>
File: ./stats/KKI2009-edgeweight.png Graphic file (type png)

<use ./stats/KKI2009-edgeweight.png>
Package pdftex.def Info: ./stats/KKI2009-edgeweight.png used on input line 436.

(pdftex.def)             Requested size: 173.44534pt x 173.44492pt.
 [35 <./stats/KKI2009-nnz.png>] [36 <./stats/KKI2009-centrality.png> <./stats/K
KI2009-degree.png>] [37 <./stats/KKI2009-edgeweight.png>] [38] [39]
Chapter 5.
) [40

] (./main.bbl [41


]
** WARNING: IEEEtran.bst: No hyphenation pattern has been
** loaded for the language `English'. Using the pattern for
** the default language instead.
** WARNING: IEEEtran.bst: No hyphenation pattern has been
** loaded for the language `English'. Using the pattern for
** the default language instead.
[42]
** WARNING: IEEEtran.bst: No hyphenation pattern has been
** loaded for the language `en'. Using the pattern for
** the default language instead.
** WARNING: IEEEtran.bst: No hyphenation pattern has been
** loaded for the language `en'. Using the pattern for
** the default language instead.
** WARNING: IEEEtran.bst: No hyphenation pattern has been
** loaded for the language `English'. Using the pattern for
** the default language instead.
** WARNING: IEEEtran.bst: No hyphenation pattern has been
** loaded for the language `English'. Using the pattern for
** the default language instead.
[43] [44] [45]
Missing character: There is no â in font cmr12!
Missing character: There is no € in font cmr12!
Missing character: There is no ™ in font cmr12!
) [46]
\openout2 = `appendix.aux'.

 (./appendix.tex
Appendix A.
<./stats/MRN114-cc.png, id=695, 433.62pt x 433.62pt>
File: ./stats/MRN114-cc.png Graphic file (type png)

<use ./stats/MRN114-cc.png>
Package pdftex.def Info: ./stats/MRN114-cc.png used on input line 8.
(pdftex.def)             Requested size: 173.44534pt x 173.44492pt.

<./stats/MRN114-nnz.png, id=696, 867.24pt x 433.62pt>
File: ./stats/MRN114-nnz.png Graphic file (type png)

<use ./stats/MRN114-nnz.png>
Package pdftex.def Info: ./stats/MRN114-nnz.png used on input line 13.
(pdftex.def)             Requested size: 346.89731pt x 173.45154pt.


LaTeX Warning: `!h' float specifier changed to `!ht'.

<./stats/MRN114-centrality.png, id=697, 433.62pt x 433.62pt>
File: ./stats/MRN114-centrality.png Graphic file (type png)

<use ./stats/MRN114-centrality.png>
Package pdftex.def Info: ./stats/MRN114-centrality.png used on input line 18.
(pdftex.def)             Requested size: 173.44534pt x 173.44492pt.


LaTeX Warning: `!h' float specifier changed to `!ht'.

<./stats/MRN114-degree.png, id=698, 433.62pt x 433.62pt>
File: ./stats/MRN114-degree.png Graphic file (type png)

<use ./stats/MRN114-degree.png>
Package pdftex.def Info: ./stats/MRN114-degree.png used on input line 23.
(pdftex.def)             Requested size: 173.44534pt x 173.44492pt.


LaTeX Warning: `!h' float specifier changed to `!ht'.

<./stats/MRN114-edgeweight.png, id=699, 433.62pt x 433.62pt>
File: ./stats/MRN114-edgeweight.png Graphic file (type png)

<use ./stats/MRN114-edgeweight.png>
Package pdftex.def Info: ./stats/MRN114-edgeweight.png used on input line 28.
(pdftex.def)             Requested size: 173.44534pt x 173.44492pt.


LaTeX Warning: `!h' float specifier changed to `!ht'.

[47


 <./stats/MRN114-cc.png>]

LaTeX Warning: Text page 48 contains only floats.

[48 <./stats/MRN114-nnz.png> <./stats/MRN114-centrality.png> <./stats/MRN114-de
gree.png>] [49 <./stats/MRN114-edgeweight.png>]
<./stats/SWU4-cc.png, id=722, 433.62pt x 433.62pt>
File: ./stats/SWU4-cc.png Graphic file (type png)
 <use ./stats/SWU4-cc.png>
Package pdftex.def Info: ./stats/SWU4-cc.png used on input line 35.
(pdftex.def)             Requested size: 173.44534pt x 173.44492pt.

<./stats/SWU4-nnz.png, id=723, 867.24pt x 433.62pt>
File: ./stats/SWU4-nnz.png Graphic file (type png)
 <use ./stats/SWU4-nnz.png>
Package pdftex.def Info: ./stats/SWU4-nnz.png used on input line 40.
(pdftex.def)             Requested size: 346.89731pt x 173.45154pt.

<./stats/SWU4-centrality.png, id=724, 433.62pt x 433.62pt>
File: ./stats/SWU4-centrality.png Graphic file (type png)

<use ./stats/SWU4-centrality.png>
Package pdftex.def Info: ./stats/SWU4-centrality.png used on input line 45.
(pdftex.def)             Requested size: 173.44534pt x 173.44492pt.


LaTeX Warning: `!h' float specifier changed to `!ht'.

<./stats/SWU4-degree.png, id=725, 433.62pt x 433.62pt>
File: ./stats/SWU4-degree.png Graphic file (type png)

<use ./stats/SWU4-degree.png>
Package pdftex.def Info: ./stats/SWU4-degree.png used on input line 50.
(pdftex.def)             Requested size: 173.44534pt x 173.44492pt.


LaTeX Warning: `!h' float specifier changed to `!ht'.

<./stats/SWU4-edgeweight.png, id=726, 433.62pt x 433.62pt>
File: ./stats/SWU4-edgeweight.png Graphic file (type png)

<use ./stats/SWU4-edgeweight.png>
Package pdftex.def Info: ./stats/SWU4-edgeweight.png used on input line 55.
(pdftex.def)             Requested size: 173.44534pt x 173.44492pt.


LaTeX Warning: `!h' float specifier changed to `!ht'.

) [50

 <./stats/SWU4-cc.png> <./stats/SWU4-nnz.png>]

LaTeX Warning: Text page 51 contains only floats.

[51 <./stats/SWU4-centrality.png> <./stats/SWU4-degree.png> <./stats/SWU4-edgew
eight.png>] <gkheadshot.jpg, id=746, 3131.7pt x 4223.78pt>
File: gkheadshot.jpg Graphic file (type jpg)

<use gkheadshot.jpg>
Package pdftex.def Info: gkheadshot.jpg used on input line 82.
(pdftex.def)             Requested size: 180.67499pt x 243.61952pt.

Underfull \hbox (badness 1325) in paragraph at lines 84--87
\OT1/cmr/m/n/12 Biomed-i-cal and Elec-tri-cal En-gi-neer-ing from
 []

Package atveryend Info: Empty hook `BeforeClearDocument' on input line 90.
[52


 <./gkheadshot.jpg>] [53]
Package atveryend Info: Empty hook `AfterLastShipout' on input line 90.
 (./main.aux (./front.aux) (./body.aux)
(./appendix.aux))
Package atveryend Info: Executing hook `AtVeryEndDocument' on input line 90.
Package atveryend Info: Executing hook `AtEndAfterFileList' on input line 90.
Package rerunfilecheck Info: File `main.out' has not changed.
(rerunfilecheck)             Checksum: 23C6B71AB844F16E3D65C551824EDFC6;2262.
Package atveryend Info: Empty hook `AtVeryVeryEnd' on input line 90.
 ) 
Here is how much of TeX's memory you used:
 8756 strings out of 493013
 130650 string characters out of 6135681
 232311 words of memory out of 5000000
 11932 multiletter control sequences out of 15000+600000
 15529 words of font info for 59 fonts, out of 8000000 for 9000
 1141 hyphenation exceptions out of 8191
 36i,11n,44p,2049b,559s stack positions out of 5000i,500n,10000p,200000b,80000s
pdfTeX warning (dest): name{Hfootnote.4} has been referenced but does not exi
st, replaced by a fixed one

pdfTeX warning (dest): name{Hfootnote.3} has been referenced but does not exist
, replaced by a fixed one

pdfTeX warning (dest): name{Hfootnote.2} has been referenced but does not exist
, replaced by a fixed one

pdfTeX warning (dest): name{Hfootnote.1} has been referenced but does not exist
, replaced by a fixed one

</usr/share/texlive/texmf-dist/fonts/type1/public/amsfonts/cm/cmbx12.pfb></usr/
share/texlive/texmf-dist/fonts/type1/public/amsfonts/cm/cmcsc10.pfb></usr/share
/texlive/texmf-dist/fonts/type1/public/amsfonts/cm/cmex10.pfb></usr/share/texli
ve/texmf-dist/fonts/type1/public/amsfonts/cm/cmmi12.pfb></usr/share/texlive/tex
mf-dist/fonts/type1/public/amsfonts/cm/cmmi6.pfb></usr/share/texlive/texmf-dist
/fonts/type1/public/amsfonts/cm/cmmi8.pfb></usr/share/texlive/texmf-dist/fonts/
type1/public/amsfonts/cm/cmr10.pfb></usr/share/texlive/texmf-dist/fonts/type1/p
ublic/amsfonts/cm/cmr12.pfb></usr/share/texlive/texmf-dist/fonts/type1/public/a
msfonts/cm/cmr7.pfb></usr/share/texlive/texmf-dist/fonts/type1/public/amsfonts/
cm/cmr8.pfb></usr/share/texlive/texmf-dist/fonts/type1/public/amsfonts/cm/cmsy1
0.pfb></usr/share/texlive/texmf-dist/fonts/type1/public/amsfonts/cm/cmsy6.pfb><
/usr/share/texlive/texmf-dist/fonts/type1/public/amsfonts/cm/cmsy8.pfb></usr/sh
are/texlive/texmf-dist/fonts/type1/public/amsfonts/cm/cmti12.pfb></usr/share/te
xlive/texmf-dist/fonts/type1/public/amsfonts/cm/cmtt12.pfb>
Output written on main.pdf (64 pages, 10909426 bytes).
PDF statistics:
 847 PDF objects out of 1000 (max. 8388607)
 700 compressed objects within 7 object streams
 180 named destinations out of 1000 (max. 500000)
 461 words of extra memory for PDF output out of 10000 (max. 10000000)

